====================================================================================================
KIMI-1 MULTI-TIMEFRAME TEST - 100+ COINS FULL POWER
====================================================================================================

Found 143 symbols with sufficient data
Testing timeframes: 1H, 2H, 4H, 1D
----------------------------------------------------------------------------------------------------

[1/143] 0GUSDT
  ✗ 1H:  33T $  -137 (30%)
  ✗ 2H:  28T $   -26 (36%)
  ✓ 4H:  23T $    +3 (35%)

[2/143] 1000BONKUSDT
  ✓ 1H:  62T $    +1 (44%)
  ✓ 2H:  46T $    +0 (43%)
  ✓ 4H:  37T $   +26 (46%)

[3/143] 1000PEPEUSDT
  ✗ 1H:  36T $   -10 (44%)
  ✓ 2H:  30T $    +3 (57%)
  ✓ 4H:  25T $   +11 (52%)
  ✓ 1D:  11T $   +42 (45%)

[4/143] 1000RATSUSDT
  ✗ 1H:  39T $   -59 (38%)
  ✗ 2H:  35T $   -47 (34%)
  ✗ 4H:  27T $   -26 (33%)

[5/143] 1000TURBOUSDT
  ✗ 1H:  46T $   -18 (43%)
  ✓ 2H:  33T $   +73 (58%)
  ✓ 4H:  32T $   +47 (44%)

[6/143] 2ZUSDT
  ✓ 1H:  30T $   +17 (50%)
  ✗ 2H:  26T $   -27 (35%)
  ✗ 4H:  23T $   -31 (30%)

[7/143] AAVEUSDT
  ✗ 1H:  38T $   -59 (39%)
  ✗ 2H:  23T $   -21 (43%)
  ✗ 4H:  19T $    -3 (47%)

[8/143] ADAUSDT
  ✗ 1H:  29T $    -3 (38%)
  ✓ 2H:  21T $   +14 (29%)
  ✓ 4H:  16T $   +39 (50%)

[9/143] AEROUSDT
  ✓ 1H:  40T $   +23 (57%)
  ✓ 2H:  34T $   +30 (59%)
  ✗ 4H:  24T $    -5 (42%)

[10/143] AGLDUSDT
  ✗ 1H:  33T $   -88 (30%)
  ✗ 2H:  21T $   -61 (43%)
  ✓ 4H:  15T $    +3 (53%)

[11/143] AIXBTUSDT
  ✗ 1H:  55T $   -37 (36%)
  ✗ 2H:  40T $  -113 (35%)
  ✗ 4H:  28T $   -81 (39%)

[12/143] AKTUSDT
  ✗ 1H:  27T $   -56 (26%)
  ✗ 2H:  18T $   -10 (39%)
  ✗ 4H:  14T $    -8 (43%)

[13/143] ALCHUSDT
  ✗ 1H:  26T $   -55 (42%)
  ✗ 2H:  17T $    -8 (41%)
  ✗ 4H:  16T $   -34 (38%)

[14/143] ALGOUSDT
  ✗ 1H:  38T $   -29 (37%)
  ✗ 2H:  34T $   -42 (38%)
  ✗ 4H:  23T $   -19 (39%)

[15/143] ALLOUSDT
  ✓ 1H:  35T $   +39 (34%)
  ✗ 2H:  25T $   -20 (32%)
  ✗ 4H:  18T $   -63 (39%)

[16/143] ANIMEUSDT
  ✗ 1H:  36T $   -12 (33%)
  ✗ 2H:  30T $    -2 (43%)
  ✓ 4H:  26T $   +17 (54%)

[17/143] APEXUSDT
  ✗ 1H:  44T $  -101 (36%)
  ✗ 2H:  37T $  -100 (35%)
  ✗ 4H:  25T $  -103 (36%)

[18/143] APTUSDT
  ✗ 1H:  23T $   -57 (22%)
  ✗ 2H:  22T $   -57 (23%)
  ✗ 4H:  19T $   -29 (32%)

[19/143] ARBUSDT
  ✗ 1H:  26T $   -11 (54%)
  ✗ 2H:  22T $    -2 (50%)
  ✗ 4H:  17T $    -3 (53%)

[20/143] ARCUSDT
  ✓ 1H:  67T $   +16 (39%)
  ✓ 2H:  45T $   +34 (44%)
  ✗ 4H:  35T $   -10 (43%)

[21/143] ASTERUSDT
  ✗ 1H:  43T $  -217 (30%)
  ✗ 2H:  31T $  -230 (29%)
  ✗ 4H:  24T $  -140 (50%)

[22/143] ATHUSDT
  ✗ 1H:  31T $    -3 (35%)
  ✗ 2H:  27T $   -15 (44%)
  ✗ 4H:  20T $   -27 (45%)

[23/143] ATOMUSDT
  ✗ 1H:  27T $   -34 (37%)
  ✗ 2H:  24T $   -16 (33%)
  ✗ 4H:  23T $   -13 (39%)

[24/143] AUCTIONUSDT
  ✓ 1H:  17T $    +5 (47%)
  ✓ 2H:  17T $   +10 (47%)
  ✓ 4H:  17T $    +2 (41%)
  ✗ 1D:  11T $   -29 (64%)

[25/143] AVAXUSDT
  ✗ 1H: 107T $  -117 (40%)
  ✗ 2H:  86T $   -56 (41%)
  ✗ 4H:  76T $   -13 (46%)
  ✓ 1D:  28T $   +90 (64%)

[26/143] AVNTUSDT
  ✓ 1H:  48T $  +321 (48%)
  ✓ 2H:  31T $  +211 (48%)
  ✓ 4H:  21T $   +66 (33%)

[27/143] AXSUSDT
  ✗ 1H:  31T $   -34 (39%)
  ✗ 2H:  19T $   -18 (42%)
  ✗ 4H:  15T $   -29 (33%)

[28/143] BANUSDT
  ✓ 1H:  50T $   +14 (54%)
  ✓ 2H:  37T $   +96 (62%)
  ✓ 4H:  27T $   +75 (67%)

[29/143] BARDUSDT
  ✓ 1H:  41T $    +3 (46%)
  ✓ 2H:  30T $   +49 (43%)
  ✓ 4H:  21T $   +23 (43%)

[30/143] BCHUSDT
  ✓ 1H:  19T $    +9 (47%)
  ✗ 2H:  19T $   -10 (42%)
  ✗ 4H:  16T $    -1 (38%)

[31/143] BEATUSDT
  ✗ 1H:  56T $   -36 (45%)
  ✗ 2H:  51T $   -44 (43%)
  ✗ 4H:  41T $   -21 (44%)

[32/143] BERAUSDT
  ✗ 1H:  46T $  -124 (33%)
  ✗ 2H:  30T $   -60 (40%)
  ✗ 4H:  30T $   -39 (40%)

[33/143] BIOUSDT
  ✓ 1H:  71T $  +152 (44%)
  ✓ 2H:  41T $   +85 (51%)
  ✓ 4H:  37T $    +5 (46%)

[34/143] BNBUSDT
  ✗ 1H:  14T $    -2 (43%)
  ✗ 2H:  12T $   -10 (42%)

[35/143] BREVUSDT
  ✗ 1H:  21T $  -105 (14%)
  ✗ 2H:  13T $   -18 (38%)
  ✗ 4H:  11T $   -21 (27%)

[36/143] BTCUSDT
  ✗ 1H:  65T $   -16 (48%)
  ✓ 2H:  45T $   +20 (53%)
  ✗ 4H:  40T $    -7 (45%)
  ✓ 1D:  23T $   +11 (43%)

[37/143] BTRUSDT
  ✗ 1H:  43T $  -252 (33%)
  ✗ 2H:  30T $  -186 (30%)
  ✗ 4H:  22T $  -102 (36%)

[38/143] CAKEUSDT
  ✓ 1H:  41T $    +9 (44%)
  ✗ 2H:  29T $   -14 (41%)
  ✓ 4H:  27T $    +9 (41%)
  ✗ 1D:  14T $   -20 (29%)

[39/143] CCUSDT
  ✓ 1H:  56T $    +1 (48%)
  ✗ 2H:  39T $   -20 (44%)
  ✗ 4H:  28T $   -18 (43%)

[40/143] CHZUSDT
  ✗ 1H:  26T $    -7 (42%)
  ✓ 2H:  17T $    +3 (59%)
  ✗ 4H:  16T $   -19 (44%)

[41/143] COAIUSDT
  ✓ 1H:  63T $ +1966 (40%)
  ✓ 2H:  50T $ +1002 (40%)
  ✓ 4H:  33T $  +310 (42%)

[42/143] CRVUSDT
  ✗ 1H:  45T $   -35 (49%)
  ✓ 2H:  31T $   +13 (48%)
  ✗ 4H:  20T $   -18 (35%)

[43/143] CYBERUSDT
  ✓ 1H:  43T $    +4 (40%)
  ✗ 2H:  36T $   -14 (42%)
  ✗ 4H:  27T $   -22 (48%)
  ✓ 1D:  10T $   +37 (60%)

[44/143] DASHUSDT
  ✓ 1H:  25T $    +0 (52%)
  ✗ 2H:  20T $   -21 (45%)
  ✓ 4H:  14T $   +12 (43%)

[45/143] DOGEUSDT
  ✗ 1H: 107T $   -54 (38%)
  ✗ 2H:  83T $   -51 (37%)
  ✗ 4H:  67T $    -4 (46%)
  ✓ 1D:  27T $   +74 (52%)

[46/143] DOTUSDT
  ✗ 1H:  35T $   -28 (40%)
  ✗ 2H:  23T $   -22 (30%)
  ✗ 4H:  19T $   -12 (32%)

[47/143] DYDXUSDT
  ✗ 1H:  32T $   -37 (38%)
  ✗ 2H:  27T $   -11 (37%)
  ✗ 4H:  19T $   -27 (42%)

[48/143] EGLDUSDT
  ✓ 1H:  28T $   +22 (46%)
  ✓ 2H:  16T $   +28 (69%)
  ✓ 4H:  19T $   +16 (37%)

[49/143] EIGENUSDT
  ✗ 1H:  32T $   -36 (41%)
  ✗ 2H:  26T $   -42 (38%)
  ✗ 4H:  18T $    -9 (56%)

[50/143] ENAUSDT
  ✗ 1H:  34T $   -18 (44%)
  ✗ 2H:  33T $   -10 (48%)
  ✗ 4H:  26T $   -30 (38%)

[51/143] ENSOUSDT
  ✗ 1H:  34T $   -50 (35%)
  ✗ 2H:  27T $   -78 (30%)
  ✗ 4H:  21T $   -20 (43%)

[52/143] ETCUSDT
  ✗ 1H:  25T $   -15 (44%)
  ✗ 2H:  18T $   -20 (28%)
  ✗ 4H:  16T $    -9 (44%)

[53/143] ETHFIUSDT
  ✗ 1H:  26T $   -60 (35%)
  ✗ 2H:  26T $   -81 (27%)
  ✗ 4H:  13T $   -11 (31%)

[54/143] ETHUSDT
  ✗ 1H:  63T $   -10 (38%)
  ✓ 2H:  43T $   +13 (47%)
  ✗ 4H:  41T $   -11 (34%)
  ✓ 1D:  25T $    +2 (44%)

[55/143] FARTCOINUSDT
  ✗ 1H:  80T $    -4 (50%)
  ✓ 2H:  67T $   +11 (48%)
  ✗ 4H:  53T $   -92 (38%)
  ✓ 1D:  10T $   +39 (60%)

[56/143] FFUSDT
  ✓ 1H:  42T $   +11 (40%)
  ✓ 2H:  33T $    +3 (39%)
  ✗ 4H:  27T $   -34 (33%)

[57/143] FILUSDT
  ✗ 1H:  28T $   -24 (39%)
  ✗ 2H:  24T $   -29 (38%)
  ✗ 4H:  15T $   -21 (27%)

[58/143] FIOUSDT
  ✗ 1H:  29T $   -25 (34%)
  ✓ 2H:  20T $   +42 (50%)
  ✗ 4H:  17T $    -8 (47%)

[59/143] FORMUSDT
  ✓ 1H:  40T $   +44 (40%)
  ✓ 2H:  28T $   +26 (43%)
  ✗ 4H:  16T $    -5 (38%)

[60/143] GALAUSDT
  ✗ 1H:  35T $   -22 (43%)
  ✗ 2H:  22T $   -31 (36%)
  ✗ 4H:  16T $   -15 (44%)

[61/143] GIGGLEUSDT
  ✓ 1H:  41T $   +87 (49%)
  ✓ 2H:  30T $  +130 (57%)
  ✓ 4H:  23T $   +10 (43%)

[62/143] GPSUSDT
  ✓ 1H:  35T $    +5 (40%)
  ✗ 2H:  25T $   -72 (44%)
  ✗ 4H:  20T $   -33 (45%)

[63/143] GRASSUSDT
  ✗ 1H:  48T $   -48 (54%)
  ✓ 2H:  42T $   +20 (67%)
  ✗ 4H:  30T $   -43 (63%)

[64/143] GUNUSDT
  ✗ 1H:  56T $   -53 (41%)
  ✗ 2H:  40T $    -7 (48%)
  ✗ 4H:  29T $   -20 (38%)

[65/143] HANAUSDT
  ✗ 1H:  55T $    -3 (36%)
  ✓ 2H:  33T $   +24 (36%)
  ✗ 4H:  28T $   -99 (32%)

[66/143] HBARUSDT
  ✗ 1H:  40T $  -111 (22%)
  ✗ 2H:  32T $   -97 (12%)
  ✗ 4H:  20T $    -9 (35%)

[67/143] HUMAUSDT
  ✗ 1H:  24T $   -78 (46%)
  ✗ 2H:  17T $   -57 (35%)
  ✗ 4H:  13T $   -57 (38%)

[68/143] HUSDT
  ✓ 1H:  73T $  +503 (58%)
  ✓ 2H:  51T $  +332 (57%)
  ✓ 4H:  41T $  +260 (59%)
  ✗ 1D:  10T $   -89 (20%)

[69/143] HYPEUSDT
  ✗ 1H:  44T $   -48 (45%)
  ✗ 2H:  34T $   -37 (44%)
  ✗ 4H:  24T $   -26 (42%)

[70/143] ICPUSDT
  ✗ 1H:  24T $    -7 (46%)
  ✗ 2H:  18T $   -18 (44%)
  ✗ 4H:  15T $    -6 (53%)

[71/143] IMXUSDT
  ✓ 1H:  50T $   +49 (46%)
  ✓ 2H:  36T $   +54 (47%)
  ✓ 4H:  30T $   +32 (50%)
  ✓ 1D:  12T $   +31 (58%)

[72/143] INITUSDT
  ✓ 1H:  54T $   +52 (44%)
  ✓ 2H:  39T $   +28 (51%)
  ✓ 4H:  30T $   +20 (53%)

[73/143] INJUSDT
  ✗ 1H:  41T $   -49 (49%)
  ✗ 2H:  29T $   -44 (48%)
  ✗ 4H:  26T $   -27 (54%)

[74/143] IPUSDT
  ✓ 1H:  45T $  +159 (42%)
  ✓ 2H:  36T $  +195 (42%)
  ✓ 4H:  27T $    +1 (33%)

[75/143] JELLYJELLYUSDT
  ✓ 1H:  51T $  +103 (49%)
  ✗ 2H:  46T $  -144 (41%)
  ✗ 4H:  35T $  -119 (43%)

[76/143] JTOUSDT
  ✗ 1H:  49T $   -43 (43%)
  ✗ 2H:  34T $    -7 (47%)
  ✓ 4H:  31T $    +1 (52%)

[77/143] JUPUSDT
  ✗ 1H:  37T $    -6 (49%)
  ✗ 2H:  33T $   -12 (45%)
  ✓ 4H:  26T $   +13 (54%)

[78/143] KAITOUSDT
  ✗ 1H:  33T $    -8 (39%)
  ✗ 2H:  27T $    -7 (44%)
  ✓ 4H:  19T $    +4 (37%)

[79/143] KAVAUSDT
  ✗ 1H:  11T $    -2 (45%)

[80/143] KITEUSDT
  ✗ 1H:  39T $  -125 (31%)
  ✗ 2H:  27T $   -94 (26%)
  ✗ 4H:  21T $   -21 (43%)

[81/143] LAUSDT
  ✗ 1H:  33T $   -63 (30%)
  ✗ 2H:  27T $   -52 (30%)
  ✗ 4H:  20T $   -35 (25%)

[82/143] LDOUSDT
  ✓ 1H:  37T $   +77 (57%)
  ✓ 2H:  28T $   +22 (57%)
  ✓ 4H:  22T $   +21 (45%)

[83/143] LINEAUSDT
  ✗ 1H:  42T $    -7 (48%)
  ✗ 2H:  37T $   -20 (41%)
  ✓ 4H:  29T $    +0 (38%)

[84/143] LINKUSDT
  ✓ 1H:  87T $   +17 (48%)
  ✗ 2H:  73T $    -8 (45%)
  ✗ 4H:  67T $   -49 (43%)
  ✗ 1D:  25T $   -25 (40%)

[85/143] LITUSDT
  ✗ 1H:  18T $   -59 (28%)
  ✗ 2H:  15T $   -53 (20%)
  ✗ 4H:  10T $   -58 (10%)

[86/143] LTCUSDT
  ✗ 1H:  30T $   -22 (30%)
  ✗ 2H:  25T $   -22 (40%)
  ✓ 4H:  21T $   +14 (52%)

[87/143] LYNUSDT
  ✗ 1H:  53T $  -211 (28%)
  ✗ 2H:  43T $  -176 (35%)
  ✗ 4H:  33T $  -124 (39%)

[88/143] MEMEUSDT
  ✓ 1H:  55T $  +205 (42%)
  ✓ 2H:  37T $   +92 (49%)
  ✓ 4H:  25T $   +22 (36%)

[89/143] MONUSDT
  ✗ 1H:  33T $   -55 (48%)
  ✗ 2H:  25T $   -14 (60%)
  ✓ 4H:  25T $   +13 (60%)

[90/143] MOODENGUSDT
  ✗ 1H:  33T $  -132 (27%)
  ✗ 2H:  26T $  -138 (27%)
  ✗ 4H:  19T $   -65 (32%)

[91/143] MORPHOUSDT
  ✗ 1H:  44T $   -10 (36%)
  ✗ 2H:  34T $   -53 (32%)
  ✓ 4H:  20T $   +11 (35%)

[92/143] MYXUSDT
  ✓ 1H:  66T $  +732 (61%)
  ✓ 2H:  42T $  +759 (79%)
  ✓ 4H:  33T $  +420 (70%)

[93/143] NEARUSDT
  ✓ 1H: 137T $   +15 (51%)
  ✗ 2H: 118T $   -49 (43%)
  ✗ 4H:  92T $   -67 (40%)
  ✗ 1D:  33T $   -26 (45%)

[94/143] NOTUSDT
  ✓ 1H:  31T $   +12 (42%)
  ✓ 2H:  28T $   +15 (54%)
  ✓ 4H:  22T $   +11 (45%)

[95/143] ONDOUSDT
  ✗ 1H:  44T $   -56 (30%)
  ✗ 2H:  32T $   -55 (34%)
  ✗ 4H:  23T $   -27 (30%)

[96/143] OPUSDT
  ✗ 1H:  31T $   -31 (35%)
  ✗ 2H:  23T $   -27 (26%)
  ✓ 4H:  14T $   +10 (64%)

[97/143] ORDIUSDT
  ✗ 1H:  25T $   -61 (32%)
  ✗ 2H:  26T $   -54 (35%)
  ✗ 4H:  23T $   -21 (43%)

[98/143] PAXGUSDT
     No results (insufficient data)

[99/143] PENGUUSDT
  ✗ 1H:  39T $  -108 (36%)
  ✗ 2H:  30T $   -50 (40%)
